<?xml version="1.0" encoding="UTF-8"?>
<testsuite xmlns:xsi="http://www.w3.org/2001/XMLSchema-instance" xsi:noNamespaceSchemaLocation="https://maven.apache.org/surefire/maven-surefire-plugin/xsd/surefire-test-report.xsd" version="3.0.2" name="com.equinor.fiberoptics.das.PackageStepCalculatorTest" time="0.094" tests="6" errors="0" skipped="0" failures="0">
  <properties>
[...]
</properties>
  <testcase name="testInitNonPow2" classname="com.equinor.fiberoptics.das.PackageStepCalculatorTest" time="0.048">
    <system-err><![CDATA[SLF4J(W): No SLF4J providers were found.
SLF4J(W): Defaulting to no-operation (NOP) logger implementation
SLF4J(W): See https://www.slf4j.org/codes.html#noProviders for further details.
]]></system-err>
  </testcase>
  <testcase name="testInit_with_1000hz_16384package" classname="com.equinor.fiberoptics.das.PackageStepCalculatorTest" time="0.003"/>
  <testcase name="testInit_with_5000hz_8192package" classname="com.equinor.fiberoptics.das.PackageStepCalculatorTest" time="0.001"/>
  <testcase name="testInit_with_2500hz_8192package" classname="com.equinor.fiberoptics.das.PackageStepCalculatorTest" time="0.001"/>
  <testcase name="testMessagesTotal" classname="com.equinor.fiberoptics.das.PackageStepCalculatorTest" time="0.001"/>
  <testcase name="testStepping" classname="com.equinor.fiberoptics.das.PackageStepCalculatorTest" time="0.003"/>
</testsuite>