<?xml version="1.0" encoding="UTF-8"?>
<testsuite xmlns:xsi="http://www.w3.org/2001/XMLSchema-instance" xsi:noNamespaceSchemaLocation="https://maven.apache.org/surefire/maven-surefire-plugin/xsd/surefire-test-report.xsd" version="3.0.2" name="com.equinor.fiberoptics.das.producer.variants.simulatorboxunit.SimulatorBoxUnitTest" time="2.293" tests="1" errors="0" skipped="0" failures="0">
  <properties>
[...]
</properties>
  <testcase name="testStreamFromSimulatorBox" classname="com.equinor.fiberoptics.das.producer.variants.simulatorboxunit.SimulatorBoxUnitTest" time="1.154">
    <system-out><![CDATA[
  .   ____          _            __ _ _
 /\\ / ___'_ __ _ _(_)_ __  __ _ \ \ \ \
( ( )\___ | '_ | '_| | '_ \/ _` | \ \ \ \
 \\/  ___)| |_)| | | | | || (_| |  ) ) ) )
  '  |____| .__|_| |_|_| |_\__, | / / / /
 =========|_|==============|___/=/_/_/_/

 :: Spring Boot ::                (v3.4.4)

2025-06-18T19:47:43.672+04:00  INFO 17936 --- [           main] c.e.f.d.p.v.s.SimulatorBoxUnitTest       : Starting SimulatorBoxUnitTest using Java 21.0.7 with PID 17936 (started by ebrah in C:\Users\ebrah\Downloads\fiber-optics-project-main\fiberoptics-das-simulator-main\simulator-box-unit)
2025-06-18T19:47:43.675+04:00  INFO 17936 --- [           main] c.e.f.d.p.v.s.SimulatorBoxUnitTest       : The following 1 profile is active: "test"
2025-06-18T19:47:43.902+04:00  INFO 17936 --- [           main] c.e.f.d.p.v.PackageStepCalculator        : Package step calculator initialized for start: 2025-06-18T15:47:43.902Z, maximumFrequency, 5000.0, amplitudesPrPackage:8192, loci: 3
2025-06-18T19:47:43.923+04:00  INFO 17936 --- [           main] c.e.f.d.p.v.s.SimulatorBoxUnitTest       : Started SimulatorBoxUnitTest in 0.741 seconds (process running for 1.697)
2025-06-18T19:47:44.736+04:00  INFO 17936 --- [           main] c.e.f.d.p.v.s.RandomDataCache            : Pre-populating 100 long buffer values.
2025-06-18T19:47:44.767+04:00  INFO 17936 --- [           main] c.e.f.d.p.v.s.RandomDataCache            : Done.
2025-06-18T19:47:44.768+04:00  INFO 17936 --- [           main] c.e.f.d.p.v.s.SimulatorBoxUnit           : Starting to produce 10 data
2025-06-18T19:47:45.075+04:00  INFO 17936 --- [     parallel-1] c.e.f.d.p.v.s.SimulatorBoxUnit           : Time difference: 354 ms
2025-06-18T19:47:45.075+04:00  INFO 17936 --- [     parallel-1] c.e.f.d.p.v.s.SimulatorBoxUnitTest       : Locus 0 with 2025-06-18T19:47:43.902 has 8192 long based amplitudes
2025-06-18T19:47:45.075+04:00  INFO 17936 --- [     parallel-1] c.e.f.d.p.v.s.SimulatorBoxUnitTest       : Locus 1 with 2025-06-18T19:47:43.902 has 8192 long based amplitudes
2025-06-18T19:47:45.075+04:00  INFO 17936 --- [     parallel-1] c.e.f.d.p.v.s.SimulatorBoxUnitTest       : Locus 2 with 2025-06-18T19:47:43.902 has 8192 long based amplitudes
2025-06-18T19:47:45.076+04:00  INFO 17936 --- [     parallel-1] c.e.f.d.p.v.s.SimulatorBoxUnit           : Time difference: -464 ms
2025-06-18T19:47:45.076+04:00  INFO 17936 --- [     parallel-1] c.e.f.d.p.v.s.SimulatorBoxUnitTest       : Locus 0 with 2025-06-18T19:47:44.721 has 8192 long based amplitudes
2025-06-18T19:47:45.076+04:00  INFO 17936 --- [     parallel-1] c.e.f.d.p.v.s.SimulatorBoxUnitTest       : Locus 1 with 2025-06-18T19:47:44.721 has 8192 long based amplitudes
2025-06-18T19:47:45.076+04:00  INFO 17936 --- [     parallel-1] c.e.f.d.p.v.s.SimulatorBoxUnitTest       : Locus 2 with 2025-06-18T19:47:44.721 has 8192 long based amplitudes
2025-06-18T19:47:45.076+04:00  INFO 17936 --- [     parallel-1] c.e.f.d.p.v.s.SimulatorBoxUnit           : Time difference: -1283 ms
2025-06-18T19:47:45.076+04:00  INFO 17936 --- [     parallel-1] c.e.f.d.p.v.s.SimulatorBoxUnitTest       : Locus 0 with 2025-06-18T19:47:45.540 has 8192 long based amplitudes
2025-06-18T19:47:45.077+04:00  INFO 17936 --- [     parallel-1] c.e.f.d.p.v.s.SimulatorBoxUnitTest       : Locus 1 with 2025-06-18T19:47:45.540 has 8192 long based amplitudes
2025-06-18T19:47:45.077+04:00  INFO 17936 --- [     parallel-1] c.e.f.d.p.v.s.SimulatorBoxUnitTest       : Locus 2 with 2025-06-18T19:47:45.540 has 8192 long based amplitudes
2025-06-18T19:47:45.077+04:00  INFO 17936 --- [     parallel-1] c.e.f.d.p.v.s.SimulatorBoxUnit           : Time difference: -2101 ms
2025-06-18T19:47:45.077+04:00  INFO 17936 --- [     parallel-1] c.e.f.d.p.v.s.SimulatorBoxUnitTest       : Locus 0 with 2025-06-18T19:47:46.359 has 8192 long based amplitudes
2025-06-18T19:47:45.077+04:00  INFO 17936 --- [     parallel-1] c.e.f.d.p.v.s.SimulatorBoxUnitTest       : Locus 1 with 2025-06-18T19:47:46.359 has 8192 long based amplitudes
2025-06-18T19:47:45.077+04:00  INFO 17936 --- [     parallel-1] c.e.f.d.p.v.s.SimulatorBoxUnitTest       : Locus 2 with 2025-06-18T19:47:46.359 has 8192 long based amplitudes
2025-06-18T19:47:45.077+04:00  INFO 17936 --- [     parallel-1] c.e.f.d.p.v.s.SimulatorBoxUnit           : Time difference: -2921 ms
2025-06-18T19:47:45.077+04:00  INFO 17936 --- [     parallel-1] c.e.f.d.p.v.s.SimulatorBoxUnitTest       : Locus 0 with 2025-06-18T19:47:47.178 has 8192 long based amplitudes
2025-06-18T19:47:45.077+04:00  INFO 17936 --- [     parallel-1] c.e.f.d.p.v.s.SimulatorBoxUnitTest       : Locus 1 with 2025-06-18T19:47:47.178 has 8192 long based amplitudes
2025-06-18T19:47:45.077+04:00  INFO 17936 --- [     parallel-1] c.e.f.d.p.v.s.SimulatorBoxUnitTest       : Locus 2 with 2025-06-18T19:47:47.178 has 8192 long based amplitudes
2025-06-18T19:47:45.077+04:00  INFO 17936 --- [     parallel-1] c.e.f.d.p.v.s.SimulatorBoxUnit           : Time difference: -3740 ms
2025-06-18T19:47:45.077+04:00  INFO 17936 --- [     parallel-1] c.e.f.d.p.v.s.SimulatorBoxUnitTest       : Locus 0 with 2025-06-18T19:47:47.998 has 8192 long based amplitudes
2025-06-18T19:47:45.078+04:00  INFO 17936 --- [     parallel-1] c.e.f.d.p.v.s.SimulatorBoxUnitTest       : Locus 1 with 2025-06-18T19:47:47.998 has 8192 long based amplitudes
2025-06-18T19:47:45.078+04:00  INFO 17936 --- [     parallel-1] c.e.f.d.p.v.s.SimulatorBoxUnitTest       : Locus 2 with 2025-06-18T19:47:47.998 has 8192 long based amplitudes
2025-06-18T19:47:45.078+04:00  INFO 17936 --- [     parallel-1] c.e.f.d.p.v.s.SimulatorBoxUnit           : Time difference: -4558 ms
2025-06-18T19:47:45.078+04:00  INFO 17936 --- [     parallel-1] c.e.f.d.p.v.s.SimulatorBoxUnitTest       : Locus 0 with 2025-06-18T19:47:48.817 has 8192 long based amplitudes
2025-06-18T19:47:45.078+04:00  INFO 17936 --- [     parallel-1] c.e.f.d.p.v.s.SimulatorBoxUnitTest       : Locus 1 with 2025-06-18T19:47:48.817 has 8192 long based amplitudes
2025-06-18T19:47:45.078+04:00  INFO 17936 --- [     parallel-1] c.e.f.d.p.v.s.SimulatorBoxUnitTest       : Locus 2 with 2025-06-18T19:47:48.817 has 8192 long based amplitudes
2025-06-18T19:47:45.078+04:00  INFO 17936 --- [     parallel-1] c.e.f.d.p.v.s.SimulatorBoxUnit           : Time difference: -5377 ms
2025-06-18T19:47:45.078+04:00  INFO 17936 --- [     parallel-1] c.e.f.d.p.v.s.SimulatorBoxUnitTest       : Locus 0 with 2025-06-18T19:47:49.636 has 8192 long based amplitudes
2025-06-18T19:47:45.078+04:00  INFO 17936 --- [     parallel-1] c.e.f.d.p.v.s.SimulatorBoxUnitTest       : Locus 1 with 2025-06-18T19:47:49.636 has 8192 long based amplitudes
2025-06-18T19:47:45.078+04:00  INFO 17936 --- [     parallel-1] c.e.f.d.p.v.s.SimulatorBoxUnitTest       : Locus 2 with 2025-06-18T19:47:49.636 has 8192 long based amplitudes
2025-06-18T19:47:45.079+04:00  INFO 17936 --- [     parallel-1] c.e.f.d.p.v.s.SimulatorBoxUnit           : Time difference: -6195 ms
2025-06-18T19:47:45.079+04:00  INFO 17936 --- [     parallel-1] c.e.f.d.p.v.s.SimulatorBoxUnitTest       : Locus 0 with 2025-06-18T19:47:50.455 has 8192 long based amplitudes
2025-06-18T19:47:45.079+04:00  INFO 17936 --- [     parallel-1] c.e.f.d.p.v.s.SimulatorBoxUnitTest       : Locus 1 with 2025-06-18T19:47:50.455 has 8192 long based amplitudes
2025-06-18T19:47:45.079+04:00  INFO 17936 --- [     parallel-1] c.e.f.d.p.v.s.SimulatorBoxUnitTest       : Locus 2 with 2025-06-18T19:47:50.455 has 8192 long based amplitudes
2025-06-18T19:47:45.079+04:00  INFO 17936 --- [     parallel-1] c.e.f.d.p.v.s.SimulatorBoxUnit           : Time difference: -7015 ms
2025-06-18T19:47:45.079+04:00  INFO 17936 --- [     parallel-1] c.e.f.d.p.v.s.SimulatorBoxUnitTest       : Locus 0 with 2025-06-18T19:47:51.274 has 8192 long based amplitudes
2025-06-18T19:47:45.079+04:00  INFO 17936 --- [     parallel-1] c.e.f.d.p.v.s.SimulatorBoxUnitTest       : Locus 1 with 2025-06-18T19:47:51.274 has 8192 long based amplitudes
2025-06-18T19:47:45.079+04:00  INFO 17936 --- [     parallel-1] c.e.f.d.p.v.s.SimulatorBoxUnitTest       : Locus 2 with 2025-06-18T19:47:51.274 has 8192 long based amplitudes
]]></system-out>
    <system-err><![CDATA[Mockito is currently self-attaching to enable the inline-mock-maker. This will no longer work in future releases of the JDK. Please add Mockito as an agent to your build what is described in Mockito's documentation: https://javadoc.io/doc/org.mockito/mockito-core/latest/org/mockito/Mockito.html#0.3
WARNING: A Java agent has been loaded dynamically (C:\Users\ebrah\.m2\repository\net\bytebuddy\byte-buddy-agent\1.15.11\byte-buddy-agent-1.15.11.jar)
WARNING: If a serviceability tool is in use, please run with -XX:+EnableDynamicAgentLoading to hide this warning
WARNING: If a serviceability tool is not in use, please run with -Djdk.instrument.traceUsage for more information
WARNING: Dynamic loading of agents will be disallowed by default in a future release
]]></system-err>
  </testcase>
</testsuite>